c:\users\kartik rattan\source\repos\homework8\homework8\debug\homework8.pch
c:\users\kartik rattan\source\repos\homework8\homework8\debug\vc141.pdb
c:\users\kartik rattan\source\repos\homework8\homework8\debug\vc141.idb
c:\users\kartik rattan\source\repos\homework8\homework8\debug\pch.obj
c:\users\kartik rattan\source\repos\homework8\homework8\debug\two_dim.obj
c:\users\kartik rattan\source\repos\homework8\homework8\debug\triangle.obj
c:\users\kartik rattan\source\repos\homework8\homework8\debug\three_dim.obj
c:\users\kartik rattan\source\repos\homework8\homework8\debug\tetrahedron_kartik.obj
c:\users\kartik rattan\source\repos\homework8\homework8\debug\sphere_kartik.obj
c:\users\kartik rattan\source\repos\homework8\homework8\debug\shapes_kartik.obj
c:\users\kartik rattan\source\repos\homework8\homework8\debug\main.obj
c:\users\kartik rattan\source\repos\homework8\homework8\debug\circle.obj
c:\users\kartik rattan\source\repos\homework8\debug\homework8.ilk
c:\users\kartik rattan\source\repos\homework8\debug\homework8.exe
c:\users\kartik rattan\source\repos\homework8\debug\homework8.pdb
c:\users\kartik rattan\source\repos\homework8\homework8\debug\homework8.tlog\cl.command.1.tlog
c:\users\kartik rattan\source\repos\homework8\homework8\debug\homework8.tlog\cl.read.1.tlog
c:\users\kartik rattan\source\repos\homework8\homework8\debug\homework8.tlog\cl.write.1.tlog
c:\users\kartik rattan\source\repos\homework8\homework8\debug\homework8.tlog\link.command.1.tlog
c:\users\kartik rattan\source\repos\homework8\homework8\debug\homework8.tlog\link.read.1.tlog
c:\users\kartik rattan\source\repos\homework8\homework8\debug\homework8.tlog\link.write.1.tlog
